t:\uni\5_sem\os\os_5_sem\os_lab08\os08_03\debug\vc142.pdb
t:\uni\5_sem\os\os_5_sem\os_lab08\os08_03\debug\vc142.idb
t:\uni\5_sem\os\os_5_sem\os_lab08\os08_03\debug\os08_03.obj
d:\repos\osandsp_3_1\lab_8\os08_03\debug\vc143.pdb
d:\repos\osandsp_3_1\lab_8\os08_03\debug\vc143.idb
d:\repos\osandsp_3_1\lab_8\os08_03\debug\os08_03.obj
t:\uni\5_sem\os\os_5_sem\os_lab08\debug\os08_03.exe
t:\uni\5_sem\os\os_5_sem\os_lab08\debug\os08_03.ilk
t:\uni\5_sem\os\os_5_sem\os_lab08\debug\os08_03.pdb
d:\repos\osandsp_3_1\lab_8\os08_03\debug\os08_03.ilk
d:\repos\osandsp_3_1\lab_8\debug\os08_03.exe
d:\repos\osandsp_3_1\lab_8\debug\os08_03.pdb
d:\repos\osandsp_3_1\lab_8\os08_03\debug\vc142.idb
d:\repos\osandsp_3_1\lab_8\os08_03\debug\vc142.pdb
d:\repos\osandsp_3_1\lab_8\debug\os08_03.ilk
d:\repos\osandsp_3_1\lab_8\os08_03\debug\os08_03.tlog\cl.command.1.tlog
d:\repos\osandsp_3_1\lab_8\os08_03\debug\os08_03.tlog\cl.read.1.tlog
d:\repos\osandsp_3_1\lab_8\os08_03\debug\os08_03.tlog\cl.write.1.tlog
d:\repos\osandsp_3_1\lab_8\os08_03\debug\os08_03.tlog\link.command.1.tlog
d:\repos\osandsp_3_1\lab_8\os08_03\debug\os08_03.tlog\link.read.1.tlog
d:\repos\osandsp_3_1\lab_8\os08_03\debug\os08_03.tlog\link.write.1.tlog
